<?xml version="1.0" encoding="UTF-8"?>
<testng-results skipped="0" failed="0" total="1" passed="1">
  <reporter-output>
  </reporter-output>
  <suite name="OHRM" duration-ms="12101" started-at="2019-02-20T14:19:27Z" finished-at="2019-02-20T14:19:39Z">
    <groups>
    </groups>
    <test name="OHRM Login" duration-ms="12101" started-at="2019-02-20T14:19:27Z" finished-at="2019-02-20T14:19:39Z">
      <class name="com.OHRMTestScripts.TC_101">
        <test-method status="PASS" signature="LoginTestRun()[pri:0, instance:com.OHRMTestScripts.TC_101@3498ed]" name="LoginTestRun" duration-ms="12077" started-at="2019-02-20T19:49:27Z" finished-at="2019-02-20T19:49:39Z">
          <reporter-output>
          </reporter-output>
        </test-method> <!-- LoginTestRun -->
      </class> <!-- com.OHRMTestScripts.TC_101 -->
    </test> <!-- OHRM Login -->
  </suite> <!-- OHRM -->
</testng-results>
